27-Jul-2023 12:56:55.846 INFO [main] org.apache.catalina.startup.VersionLoggerListener.log Server version name:   Apache Tomcat/10.1.11
27-Jul-2023 12:56:55.852 INFO [main] org.apache.catalina.startup.VersionLoggerListener.log Server built:          Jul 6 2023 13:45:39 UTC
27-Jul-2023 12:56:55.852 INFO [main] org.apache.catalina.startup.VersionLoggerListener.log Server version number: 10.1.11.0
27-Jul-2023 12:56:55.852 INFO [main] org.apache.catalina.startup.VersionLoggerListener.log OS Name:               Linux
27-Jul-2023 12:56:55.853 INFO [main] org.apache.catalina.startup.VersionLoggerListener.log OS Version:            5.15.0-78-generic
27-Jul-2023 12:56:55.853 INFO [main] org.apache.catalina.startup.VersionLoggerListener.log Architecture:          amd64
27-Jul-2023 12:56:55.853 INFO [main] org.apache.catalina.startup.VersionLoggerListener.log Java Home:             /usr/lib/jvm/java-11-openjdk-amd64
27-Jul-2023 12:56:55.853 INFO [main] org.apache.catalina.startup.VersionLoggerListener.log JVM Version:           11.0.19+7-post-Ubuntu-0ubuntu120.04.1
27-Jul-2023 12:56:55.853 INFO [main] org.apache.catalina.startup.VersionLoggerListener.log JVM Vendor:            Ubuntu
27-Jul-2023 12:56:55.853 INFO [main] org.apache.catalina.startup.VersionLoggerListener.log CATALINA_BASE:         /home/pranoy/project/java-maven-jenkins/tomcat
27-Jul-2023 12:56:55.853 INFO [main] org.apache.catalina.startup.VersionLoggerListener.log CATALINA_HOME:         /home/pranoy/project/java-maven-jenkins/tomcat
27-Jul-2023 12:56:55.893 INFO [main] org.apache.catalina.startup.VersionLoggerListener.log Command line argument: -Djava.util.logging.config.file=/home/pranoy/project/java-maven-jenkins/tomcat/conf/logging.properties
27-Jul-2023 12:56:55.893 INFO [main] org.apache.catalina.startup.VersionLoggerListener.log Command line argument: -Djava.util.logging.manager=org.apache.juli.ClassLoaderLogManager
27-Jul-2023 12:56:55.894 INFO [main] org.apache.catalina.startup.VersionLoggerListener.log Command line argument: -Djdk.tls.ephemeralDHKeySize=2048
27-Jul-2023 12:56:55.894 INFO [main] org.apache.catalina.startup.VersionLoggerListener.log Command line argument: -Djava.protocol.handler.pkgs=org.apache.catalina.webresources
27-Jul-2023 12:56:55.894 INFO [main] org.apache.catalina.startup.VersionLoggerListener.log Command line argument: -Dorg.apache.catalina.security.SecurityListener.UMASK=0027
27-Jul-2023 12:56:55.894 INFO [main] org.apache.catalina.startup.VersionLoggerListener.log Command line argument: --add-opens=java.base/java.lang=ALL-UNNAMED
27-Jul-2023 12:56:55.894 INFO [main] org.apache.catalina.startup.VersionLoggerListener.log Command line argument: --add-opens=java.base/java.io=ALL-UNNAMED
27-Jul-2023 12:56:55.894 INFO [main] org.apache.catalina.startup.VersionLoggerListener.log Command line argument: --add-opens=java.base/java.util=ALL-UNNAMED
27-Jul-2023 12:56:55.894 INFO [main] org.apache.catalina.startup.VersionLoggerListener.log Command line argument: --add-opens=java.base/java.util.concurrent=ALL-UNNAMED
27-Jul-2023 12:56:55.894 INFO [main] org.apache.catalina.startup.VersionLoggerListener.log Command line argument: --add-opens=java.rmi/sun.rmi.transport=ALL-UNNAMED
27-Jul-2023 12:56:55.894 INFO [main] org.apache.catalina.startup.VersionLoggerListener.log Command line argument: -Dcatalina.base=/home/pranoy/project/java-maven-jenkins/tomcat
27-Jul-2023 12:56:55.894 INFO [main] org.apache.catalina.startup.VersionLoggerListener.log Command line argument: -Dcatalina.home=/home/pranoy/project/java-maven-jenkins/tomcat
27-Jul-2023 12:56:55.895 INFO [main] org.apache.catalina.startup.VersionLoggerListener.log Command line argument: -Djava.io.tmpdir=/home/pranoy/project/java-maven-jenkins/tomcat/temp
27-Jul-2023 12:56:55.896 INFO [main] org.apache.catalina.core.AprLifecycleListener.lifecycleEvent The Apache Tomcat Native library which allows using OpenSSL was not found on the java.library.path: [/usr/java/packages/lib:/usr/lib/x86_64-linux-gnu/jni:/lib/x86_64-linux-gnu:/usr/lib/x86_64-linux-gnu:/usr/lib/jni:/lib:/usr/lib]
27-Jul-2023 12:56:56.129 INFO [main] org.apache.coyote.AbstractProtocol.init Initializing ProtocolHandler ["http-nio-8080"]
27-Jul-2023 12:56:56.142 SEVERE [main] org.apache.catalina.util.LifecycleBase.handleSubClassException Failed to initialize component [Connector[HTTP/1.1-8080]]
	org.apache.catalina.LifecycleException: Protocol handler initialization failed
		at org.apache.catalina.connector.Connector.initInternal(Connector.java:1015)
		at org.apache.catalina.util.LifecycleBase.init(LifecycleBase.java:136)
		at org.apache.catalina.core.StandardService.initInternal(StandardService.java:549)
		at org.apache.catalina.util.LifecycleBase.init(LifecycleBase.java:136)
		at org.apache.catalina.core.StandardServer.initInternal(StandardServer.java:1011)
		at org.apache.catalina.util.LifecycleBase.init(LifecycleBase.java:136)
		at org.apache.catalina.startup.Catalina.load(Catalina.java:747)
		at org.apache.catalina.startup.Catalina.load(Catalina.java:769)
		at java.base/jdk.internal.reflect.NativeMethodAccessorImpl.invoke0(Native Method)
		at java.base/jdk.internal.reflect.NativeMethodAccessorImpl.invoke(NativeMethodAccessorImpl.java:62)
		at java.base/jdk.internal.reflect.DelegatingMethodAccessorImpl.invoke(DelegatingMethodAccessorImpl.java:43)
		at java.base/java.lang.reflect.Method.invoke(Method.java:566)
		at org.apache.catalina.startup.Bootstrap.load(Bootstrap.java:307)
		at org.apache.catalina.startup.Bootstrap.main(Bootstrap.java:477)
	Caused by: java.net.BindException: Address already in use
		at java.base/sun.nio.ch.Net.bind0(Native Method)
		at java.base/sun.nio.ch.Net.bind(Net.java:459)
		at java.base/sun.nio.ch.Net.bind(Net.java:448)
		at java.base/sun.nio.ch.ServerSocketChannelImpl.bind(ServerSocketChannelImpl.java:227)
		at org.apache.tomcat.util.net.NioEndpoint.initServerSocket(NioEndpoint.java:247)
		at org.apache.tomcat.util.net.NioEndpoint.bind(NioEndpoint.java:202)
		at org.apache.tomcat.util.net.AbstractEndpoint.bindWithCleanup(AbstractEndpoint.java:1278)
		at org.apache.tomcat.util.net.AbstractEndpoint.init(AbstractEndpoint.java:1291)
		at org.apache.coyote.AbstractProtocol.init(AbstractProtocol.java:622)
		at org.apache.coyote.http11.AbstractHttp11Protocol.init(AbstractHttp11Protocol.java:77)
		at org.apache.catalina.connector.Connector.initInternal(Connector.java:1013)
		... 13 more
27-Jul-2023 12:56:56.143 INFO [main] org.apache.catalina.startup.Catalina.load Server initialization in [494] milliseconds
27-Jul-2023 12:56:56.183 INFO [main] org.apache.catalina.core.StandardService.startInternal Starting service [Catalina]
27-Jul-2023 12:56:56.183 INFO [main] org.apache.catalina.core.StandardEngine.startInternal Starting Servlet engine: [Apache Tomcat/10.1.11]
27-Jul-2023 12:56:56.204 INFO [main] org.apache.catalina.startup.HostConfig.deployWAR Deploying web application archive [/home/pranoy/project/java-maven-jenkins/tomcat/webapps/trucks.war]
27-Jul-2023 12:56:56.451 INFO [main] org.apache.catalina.startup.HostConfig.deployWAR Deployment of web application archive [/home/pranoy/project/java-maven-jenkins/tomcat/webapps/trucks.war] has finished in [247] ms
27-Jul-2023 12:56:56.452 INFO [main] org.apache.catalina.startup.HostConfig.deployDirectory Deploying web application directory [/home/pranoy/project/java-maven-jenkins/tomcat/webapps/host-manager]
27-Jul-2023 12:56:56.476 INFO [main] org.apache.catalina.startup.HostConfig.deployDirectory Deployment of web application directory [/home/pranoy/project/java-maven-jenkins/tomcat/webapps/host-manager] has finished in [24] ms
27-Jul-2023 12:56:56.476 INFO [main] org.apache.catalina.startup.HostConfig.deployDirectory Deploying web application directory [/home/pranoy/project/java-maven-jenkins/tomcat/webapps/examples]
27-Jul-2023 12:56:56.617 INFO [main] org.apache.catalina.startup.HostConfig.deployDirectory Deployment of web application directory [/home/pranoy/project/java-maven-jenkins/tomcat/webapps/examples] has finished in [141] ms
27-Jul-2023 12:56:56.618 INFO [main] org.apache.catalina.startup.HostConfig.deployDirectory Deploying web application directory [/home/pranoy/project/java-maven-jenkins/tomcat/webapps/docs]
27-Jul-2023 12:56:56.631 INFO [main] org.apache.catalina.startup.HostConfig.deployDirectory Deployment of web application directory [/home/pranoy/project/java-maven-jenkins/tomcat/webapps/docs] has finished in [13] ms
27-Jul-2023 12:56:56.631 INFO [main] org.apache.catalina.startup.HostConfig.deployDirectory Deploying web application directory [/home/pranoy/project/java-maven-jenkins/tomcat/webapps/ROOT]
27-Jul-2023 12:56:56.642 INFO [main] org.apache.catalina.startup.HostConfig.deployDirectory Deployment of web application directory [/home/pranoy/project/java-maven-jenkins/tomcat/webapps/ROOT] has finished in [11] ms
27-Jul-2023 12:56:56.642 INFO [main] org.apache.catalina.startup.HostConfig.deployDirectory Deploying web application directory [/home/pranoy/project/java-maven-jenkins/tomcat/webapps/manager]
27-Jul-2023 12:56:56.657 INFO [main] org.apache.catalina.startup.HostConfig.deployDirectory Deployment of web application directory [/home/pranoy/project/java-maven-jenkins/tomcat/webapps/manager] has finished in [15] ms
27-Jul-2023 12:56:56.665 INFO [main] org.apache.catalina.startup.Catalina.start Server startup in [521] milliseconds
27-Jul-2023 12:57:57.528 INFO [main] org.apache.catalina.core.StandardServer.await A valid shutdown command was received via the shutdown port. Stopping the Server instance.
27-Jul-2023 12:57:57.529 INFO [main] org.apache.coyote.AbstractProtocol.pause Pausing ProtocolHandler ["http-nio-8080"]
27-Jul-2023 12:57:57.529 INFO [main] org.apache.catalina.core.StandardService.stopInternal Stopping service [Catalina]
27-Jul-2023 12:57:57.549 INFO [main] org.apache.coyote.AbstractProtocol.stop Stopping ProtocolHandler ["http-nio-8080"]
27-Jul-2023 12:57:57.551 INFO [main] org.apache.coyote.AbstractProtocol.destroy Destroying ProtocolHandler ["http-nio-8080"]
27-Jul-2023 12:58:46.488 INFO [main] org.apache.catalina.startup.VersionLoggerListener.log Server version name:   Apache Tomcat/10.1.11
27-Jul-2023 12:58:46.491 INFO [main] org.apache.catalina.startup.VersionLoggerListener.log Server built:          Jul 6 2023 13:45:39 UTC
27-Jul-2023 12:58:46.492 INFO [main] org.apache.catalina.startup.VersionLoggerListener.log Server version number: 10.1.11.0
27-Jul-2023 12:58:46.492 INFO [main] org.apache.catalina.startup.VersionLoggerListener.log OS Name:               Linux
27-Jul-2023 12:58:46.493 INFO [main] org.apache.catalina.startup.VersionLoggerListener.log OS Version:            5.15.0-78-generic
27-Jul-2023 12:58:46.493 INFO [main] org.apache.catalina.startup.VersionLoggerListener.log Architecture:          amd64
27-Jul-2023 12:58:46.493 INFO [main] org.apache.catalina.startup.VersionLoggerListener.log Java Home:             /usr/lib/jvm/java-11-openjdk-amd64
27-Jul-2023 12:58:46.493 INFO [main] org.apache.catalina.startup.VersionLoggerListener.log JVM Version:           11.0.19+7-post-Ubuntu-0ubuntu120.04.1
27-Jul-2023 12:58:46.493 INFO [main] org.apache.catalina.startup.VersionLoggerListener.log JVM Vendor:            Ubuntu
27-Jul-2023 12:58:46.493 INFO [main] org.apache.catalina.startup.VersionLoggerListener.log CATALINA_BASE:         /home/pranoy/project/java-maven-jenkins/tomcat
27-Jul-2023 12:58:46.493 INFO [main] org.apache.catalina.startup.VersionLoggerListener.log CATALINA_HOME:         /home/pranoy/project/java-maven-jenkins/tomcat
27-Jul-2023 12:58:46.501 INFO [main] org.apache.catalina.startup.VersionLoggerListener.log Command line argument: -Djava.util.logging.config.file=/home/pranoy/project/java-maven-jenkins/tomcat/conf/logging.properties
27-Jul-2023 12:58:46.502 INFO [main] org.apache.catalina.startup.VersionLoggerListener.log Command line argument: -Djava.util.logging.manager=org.apache.juli.ClassLoaderLogManager
27-Jul-2023 12:58:46.502 INFO [main] org.apache.catalina.startup.VersionLoggerListener.log Command line argument: -Djdk.tls.ephemeralDHKeySize=2048
27-Jul-2023 12:58:46.502 INFO [main] org.apache.catalina.startup.VersionLoggerListener.log Command line argument: -Djava.protocol.handler.pkgs=org.apache.catalina.webresources
27-Jul-2023 12:58:46.502 INFO [main] org.apache.catalina.startup.VersionLoggerListener.log Command line argument: -Dorg.apache.catalina.security.SecurityListener.UMASK=0027
27-Jul-2023 12:58:46.502 INFO [main] org.apache.catalina.startup.VersionLoggerListener.log Command line argument: --add-opens=java.base/java.lang=ALL-UNNAMED
27-Jul-2023 12:58:46.502 INFO [main] org.apache.catalina.startup.VersionLoggerListener.log Command line argument: --add-opens=java.base/java.io=ALL-UNNAMED
27-Jul-2023 12:58:46.502 INFO [main] org.apache.catalina.startup.VersionLoggerListener.log Command line argument: --add-opens=java.base/java.util=ALL-UNNAMED
27-Jul-2023 12:58:46.502 INFO [main] org.apache.catalina.startup.VersionLoggerListener.log Command line argument: --add-opens=java.base/java.util.concurrent=ALL-UNNAMED
27-Jul-2023 12:58:46.502 INFO [main] org.apache.catalina.startup.VersionLoggerListener.log Command line argument: --add-opens=java.rmi/sun.rmi.transport=ALL-UNNAMED
27-Jul-2023 12:58:46.503 INFO [main] org.apache.catalina.startup.VersionLoggerListener.log Command line argument: -Dcatalina.base=/home/pranoy/project/java-maven-jenkins/tomcat
27-Jul-2023 12:58:46.503 INFO [main] org.apache.catalina.startup.VersionLoggerListener.log Command line argument: -Dcatalina.home=/home/pranoy/project/java-maven-jenkins/tomcat
27-Jul-2023 12:58:46.503 INFO [main] org.apache.catalina.startup.VersionLoggerListener.log Command line argument: -Djava.io.tmpdir=/home/pranoy/project/java-maven-jenkins/tomcat/temp
27-Jul-2023 12:58:46.504 INFO [main] org.apache.catalina.core.AprLifecycleListener.lifecycleEvent The Apache Tomcat Native library which allows using OpenSSL was not found on the java.library.path: [/usr/java/packages/lib:/usr/lib/x86_64-linux-gnu/jni:/lib/x86_64-linux-gnu:/usr/lib/x86_64-linux-gnu:/usr/lib/jni:/lib:/usr/lib]
27-Jul-2023 12:58:46.730 INFO [main] org.apache.coyote.AbstractProtocol.init Initializing ProtocolHandler ["http-nio-8080"]
27-Jul-2023 12:58:46.778 INFO [main] org.apache.catalina.startup.Catalina.load Server initialization in [459] milliseconds
27-Jul-2023 12:58:46.835 INFO [main] org.apache.catalina.core.StandardService.startInternal Starting service [Catalina]
27-Jul-2023 12:58:46.835 INFO [main] org.apache.catalina.core.StandardEngine.startInternal Starting Servlet engine: [Apache Tomcat/10.1.11]
27-Jul-2023 12:58:46.862 INFO [main] org.apache.catalina.startup.HostConfig.deployWAR Deploying web application archive [/home/pranoy/project/java-maven-jenkins/tomcat/webapps/trucks.war]
27-Jul-2023 12:58:46.885 INFO [main] org.apache.catalina.startup.ExpandWar.expand An expanded directory [/home/pranoy/project/java-maven-jenkins/tomcat/webapps/trucks] was found with a last modified time that did not match the associated WAR. It will be deleted.
27-Jul-2023 12:58:47.075 INFO [main] org.apache.catalina.startup.HostConfig.deployWAR Deployment of web application archive [/home/pranoy/project/java-maven-jenkins/tomcat/webapps/trucks.war] has finished in [213] ms
27-Jul-2023 12:58:47.076 INFO [main] org.apache.catalina.startup.HostConfig.deployDirectory Deploying web application directory [/home/pranoy/project/java-maven-jenkins/tomcat/webapps/host-manager]
27-Jul-2023 12:58:47.097 INFO [main] org.apache.catalina.startup.HostConfig.deployDirectory Deployment of web application directory [/home/pranoy/project/java-maven-jenkins/tomcat/webapps/host-manager] has finished in [22] ms
27-Jul-2023 12:58:47.097 INFO [main] org.apache.catalina.startup.HostConfig.deployDirectory Deploying web application directory [/home/pranoy/project/java-maven-jenkins/tomcat/webapps/examples]
27-Jul-2023 12:58:47.228 INFO [main] org.apache.catalina.startup.HostConfig.deployDirectory Deployment of web application directory [/home/pranoy/project/java-maven-jenkins/tomcat/webapps/examples] has finished in [131] ms
27-Jul-2023 12:58:47.228 INFO [main] org.apache.catalina.startup.HostConfig.deployDirectory Deploying web application directory [/home/pranoy/project/java-maven-jenkins/tomcat/webapps/docs]
27-Jul-2023 12:58:47.245 INFO [main] org.apache.catalina.startup.HostConfig.deployDirectory Deployment of web application directory [/home/pranoy/project/java-maven-jenkins/tomcat/webapps/docs] has finished in [16] ms
27-Jul-2023 12:58:47.245 INFO [main] org.apache.catalina.startup.HostConfig.deployDirectory Deploying web application directory [/home/pranoy/project/java-maven-jenkins/tomcat/webapps/ROOT]
27-Jul-2023 12:58:47.257 INFO [main] org.apache.catalina.startup.HostConfig.deployDirectory Deployment of web application directory [/home/pranoy/project/java-maven-jenkins/tomcat/webapps/ROOT] has finished in [12] ms
27-Jul-2023 12:58:47.258 INFO [main] org.apache.catalina.startup.HostConfig.deployDirectory Deploying web application directory [/home/pranoy/project/java-maven-jenkins/tomcat/webapps/manager]
27-Jul-2023 12:58:47.280 INFO [main] org.apache.catalina.startup.HostConfig.deployDirectory Deployment of web application directory [/home/pranoy/project/java-maven-jenkins/tomcat/webapps/manager] has finished in [22] ms
27-Jul-2023 12:58:47.284 INFO [main] org.apache.coyote.AbstractProtocol.start Starting ProtocolHandler ["http-nio-8080"]
27-Jul-2023 12:58:47.300 INFO [main] org.apache.catalina.startup.Catalina.start Server startup in [522] milliseconds
27-Jul-2023 12:59:08.287 INFO [main] org.apache.catalina.core.StandardServer.await A valid shutdown command was received via the shutdown port. Stopping the Server instance.
27-Jul-2023 12:59:08.288 INFO [main] org.apache.coyote.AbstractProtocol.pause Pausing ProtocolHandler ["http-nio-8080"]
27-Jul-2023 12:59:08.290 INFO [main] org.apache.catalina.core.StandardService.stopInternal Stopping service [Catalina]
27-Jul-2023 12:59:08.323 INFO [main] org.apache.coyote.AbstractProtocol.stop Stopping ProtocolHandler ["http-nio-8080"]
27-Jul-2023 12:59:08.339 INFO [main] org.apache.coyote.AbstractProtocol.destroy Destroying ProtocolHandler ["http-nio-8080"]
27-Jul-2023 12:59:10.902 INFO [main] org.apache.catalina.startup.VersionLoggerListener.log Server version name:   Apache Tomcat/10.1.11
27-Jul-2023 12:59:10.904 INFO [main] org.apache.catalina.startup.VersionLoggerListener.log Server built:          Jul 6 2023 13:45:39 UTC
27-Jul-2023 12:59:10.904 INFO [main] org.apache.catalina.startup.VersionLoggerListener.log Server version number: 10.1.11.0
27-Jul-2023 12:59:10.904 INFO [main] org.apache.catalina.startup.VersionLoggerListener.log OS Name:               Linux
27-Jul-2023 12:59:10.904 INFO [main] org.apache.catalina.startup.VersionLoggerListener.log OS Version:            5.15.0-78-generic
27-Jul-2023 12:59:10.904 INFO [main] org.apache.catalina.startup.VersionLoggerListener.log Architecture:          amd64
27-Jul-2023 12:59:10.904 INFO [main] org.apache.catalina.startup.VersionLoggerListener.log Java Home:             /usr/lib/jvm/java-11-openjdk-amd64
27-Jul-2023 12:59:10.904 INFO [main] org.apache.catalina.startup.VersionLoggerListener.log JVM Version:           11.0.19+7-post-Ubuntu-0ubuntu120.04.1
27-Jul-2023 12:59:10.904 INFO [main] org.apache.catalina.startup.VersionLoggerListener.log JVM Vendor:            Ubuntu
27-Jul-2023 12:59:10.905 INFO [main] org.apache.catalina.startup.VersionLoggerListener.log CATALINA_BASE:         /home/pranoy/project/java-maven-jenkins/tomcat
27-Jul-2023 12:59:10.905 INFO [main] org.apache.catalina.startup.VersionLoggerListener.log CATALINA_HOME:         /home/pranoy/project/java-maven-jenkins/tomcat
27-Jul-2023 12:59:10.912 INFO [main] org.apache.catalina.startup.VersionLoggerListener.log Command line argument: -Djava.util.logging.config.file=/home/pranoy/project/java-maven-jenkins/tomcat/conf/logging.properties
27-Jul-2023 12:59:10.913 INFO [main] org.apache.catalina.startup.VersionLoggerListener.log Command line argument: -Djava.util.logging.manager=org.apache.juli.ClassLoaderLogManager
27-Jul-2023 12:59:10.913 INFO [main] org.apache.catalina.startup.VersionLoggerListener.log Command line argument: -Djdk.tls.ephemeralDHKeySize=2048
27-Jul-2023 12:59:10.913 INFO [main] org.apache.catalina.startup.VersionLoggerListener.log Command line argument: -Djava.protocol.handler.pkgs=org.apache.catalina.webresources
27-Jul-2023 12:59:10.913 INFO [main] org.apache.catalina.startup.VersionLoggerListener.log Command line argument: -Dorg.apache.catalina.security.SecurityListener.UMASK=0027
27-Jul-2023 12:59:10.913 INFO [main] org.apache.catalina.startup.VersionLoggerListener.log Command line argument: --add-opens=java.base/java.lang=ALL-UNNAMED
27-Jul-2023 12:59:10.913 INFO [main] org.apache.catalina.startup.VersionLoggerListener.log Command line argument: --add-opens=java.base/java.io=ALL-UNNAMED
27-Jul-2023 12:59:10.913 INFO [main] org.apache.catalina.startup.VersionLoggerListener.log Command line argument: --add-opens=java.base/java.util=ALL-UNNAMED
27-Jul-2023 12:59:10.913 INFO [main] org.apache.catalina.startup.VersionLoggerListener.log Command line argument: --add-opens=java.base/java.util.concurrent=ALL-UNNAMED
27-Jul-2023 12:59:10.913 INFO [main] org.apache.catalina.startup.VersionLoggerListener.log Command line argument: --add-opens=java.rmi/sun.rmi.transport=ALL-UNNAMED
27-Jul-2023 12:59:10.913 INFO [main] org.apache.catalina.startup.VersionLoggerListener.log Command line argument: -Dcatalina.base=/home/pranoy/project/java-maven-jenkins/tomcat
27-Jul-2023 12:59:10.913 INFO [main] org.apache.catalina.startup.VersionLoggerListener.log Command line argument: -Dcatalina.home=/home/pranoy/project/java-maven-jenkins/tomcat
27-Jul-2023 12:59:10.913 INFO [main] org.apache.catalina.startup.VersionLoggerListener.log Command line argument: -Djava.io.tmpdir=/home/pranoy/project/java-maven-jenkins/tomcat/temp
27-Jul-2023 12:59:10.914 INFO [main] org.apache.catalina.core.AprLifecycleListener.lifecycleEvent The Apache Tomcat Native library which allows using OpenSSL was not found on the java.library.path: [/usr/java/packages/lib:/usr/lib/x86_64-linux-gnu/jni:/lib/x86_64-linux-gnu:/usr/lib/x86_64-linux-gnu:/usr/lib/jni:/lib:/usr/lib]
27-Jul-2023 12:59:11.150 INFO [main] org.apache.coyote.AbstractProtocol.init Initializing ProtocolHandler ["http-nio-8181"]
27-Jul-2023 12:59:11.169 INFO [main] org.apache.catalina.startup.Catalina.load Server initialization in [403] milliseconds
27-Jul-2023 12:59:11.199 INFO [main] org.apache.catalina.core.StandardService.startInternal Starting service [Catalina]
27-Jul-2023 12:59:11.199 INFO [main] org.apache.catalina.core.StandardEngine.startInternal Starting Servlet engine: [Apache Tomcat/10.1.11]
27-Jul-2023 12:59:11.216 INFO [main] org.apache.catalina.startup.HostConfig.deployWAR Deploying web application archive [/home/pranoy/project/java-maven-jenkins/tomcat/webapps/trucks.war]
27-Jul-2023 12:59:11.236 INFO [main] org.apache.catalina.startup.ExpandWar.expand An expanded directory [/home/pranoy/project/java-maven-jenkins/tomcat/webapps/trucks] was found with a last modified time that did not match the associated WAR. It will be deleted.
27-Jul-2023 12:59:11.452 INFO [main] org.apache.catalina.startup.HostConfig.deployWAR Deployment of web application archive [/home/pranoy/project/java-maven-jenkins/tomcat/webapps/trucks.war] has finished in [235] ms
27-Jul-2023 12:59:11.453 INFO [main] org.apache.catalina.startup.HostConfig.deployDirectory Deploying web application directory [/home/pranoy/project/java-maven-jenkins/tomcat/webapps/host-manager]
27-Jul-2023 12:59:11.479 INFO [main] org.apache.catalina.startup.HostConfig.deployDirectory Deployment of web application directory [/home/pranoy/project/java-maven-jenkins/tomcat/webapps/host-manager] has finished in [27] ms
27-Jul-2023 12:59:11.479 INFO [main] org.apache.catalina.startup.HostConfig.deployDirectory Deploying web application directory [/home/pranoy/project/java-maven-jenkins/tomcat/webapps/examples]
27-Jul-2023 12:59:11.666 INFO [main] org.apache.catalina.startup.HostConfig.deployDirectory Deployment of web application directory [/home/pranoy/project/java-maven-jenkins/tomcat/webapps/examples] has finished in [187] ms
27-Jul-2023 12:59:11.666 INFO [main] org.apache.catalina.startup.HostConfig.deployDirectory Deploying web application directory [/home/pranoy/project/java-maven-jenkins/tomcat/webapps/docs]
27-Jul-2023 12:59:11.681 INFO [main] org.apache.catalina.startup.HostConfig.deployDirectory Deployment of web application directory [/home/pranoy/project/java-maven-jenkins/tomcat/webapps/docs] has finished in [15] ms
27-Jul-2023 12:59:11.681 INFO [main] org.apache.catalina.startup.HostConfig.deployDirectory Deploying web application directory [/home/pranoy/project/java-maven-jenkins/tomcat/webapps/ROOT]
27-Jul-2023 12:59:11.693 INFO [main] org.apache.catalina.startup.HostConfig.deployDirectory Deployment of web application directory [/home/pranoy/project/java-maven-jenkins/tomcat/webapps/ROOT] has finished in [12] ms
27-Jul-2023 12:59:11.694 INFO [main] org.apache.catalina.startup.HostConfig.deployDirectory Deploying web application directory [/home/pranoy/project/java-maven-jenkins/tomcat/webapps/manager]
27-Jul-2023 12:59:11.718 INFO [main] org.apache.catalina.startup.HostConfig.deployDirectory Deployment of web application directory [/home/pranoy/project/java-maven-jenkins/tomcat/webapps/manager] has finished in [24] ms
27-Jul-2023 12:59:11.722 INFO [main] org.apache.coyote.AbstractProtocol.start Starting ProtocolHandler ["http-nio-8181"]
27-Jul-2023 12:59:11.734 INFO [main] org.apache.catalina.startup.Catalina.start Server startup in [564] milliseconds
27-Jul-2023 13:00:21.739 INFO [Catalina-utility-2] org.apache.catalina.startup.HostConfig.undeploy Undeploying context [/trucks]
27-Jul-2023 13:00:21.751 INFO [Catalina-utility-2] org.apache.catalina.startup.HostConfig.deployWAR Deploying web application archive [/home/pranoy/project/java-maven-jenkins/tomcat/webapps/trucks.war]
27-Jul-2023 13:00:21.769 INFO [Catalina-utility-2] org.apache.catalina.startup.HostConfig.deployWAR Deployment of web application archive [/home/pranoy/project/java-maven-jenkins/tomcat/webapps/trucks.war] has finished in [18] ms
