This file contains any messages produced by compilers while
running configure, to aid debugging if configure makes a mistake.

It was created by configure, which was
generated by GNU Autoconf 2.71.  Invocation command line was

  $ ./configure

## --------- ##
## Platform. ##
## --------- ##

hostname = PRANOY-KUNDU
uname -m = x86_64
uname -r = 5.15.0-78-generic
uname -s = Linux
uname -v = #85~20.04.1-Ubuntu SMP Mon Jul 17 09:42:39 UTC 2023

/usr/bin/uname -p = x86_64
/bin/uname -X     = unknown

/bin/arch              = x86_64
/usr/bin/arch -k       = unknown
/usr/convex/getsysinfo = unknown
/usr/bin/hostinfo      = unknown
/bin/machine           = unknown
/usr/bin/oslevel       = unknown
/bin/universe          = unknown

PATH: /opt/apache-maven-3.6.3/bin/
PATH: /opt/apache-maven-3.6.3/bin/
PATH: /home/pranoy/.cargo/bin/
PATH: /home/pranoy/.local/bin/
PATH: /home/pranoy/bin/
PATH: /usr/local/sbin/
PATH: /usr/local/bin/
PATH: /usr/sbin/
PATH: /usr/bin/
PATH: /sbin/
PATH: /bin/
PATH: /usr/games/
PATH: /usr/local/games/
PATH: /snap/bin/
PATH: /home/pranoy/.dotnet/tools/
PATH: /usr/local/go/bin/
PATH: /home/pranoy/Android/Sdk/platform-tools/
PATH: /home/pranoy/Android/Sdk/tools/
PATH: /home/pranoy/Android/Sdk/build-tools/23.0.2/
PATH: /home/pranoy/.linkerd2/bin/
PATH: /usr/local/go/bin/
PATH: /home/pranoy/Android/Sdk/platform-tools/
PATH: /home/pranoy/Android/Sdk/tools/
PATH: /home/pranoy/Android/Sdk/build-tools/23.0.2/
PATH: /home/pranoy/.linkerd2/bin/


## ----------- ##
## Core tests. ##
## ----------- ##

configure:2128: looking for aux files: config.guess config.sub
configure:2141:  trying ././support/
configure:2170:   ././support/config.guess found
configure:2170:   ././support/config.sub found
configure:2345: checking build system type
configure:2360: result: x86_64-pc-linux-gnu
configure:2380: checking host system type
configure:2394: result: x86_64-pc-linux-gnu
configure:2415: checking cached host system type
configure:2424: result: ok
configure:2497: checking for gcc
configure:2518: found /usr/bin/gcc
configure:2529: result: gcc
configure:2882: checking for C compiler version
configure:2891: gcc --version >&5
gcc (Ubuntu 9.4.0-1ubuntu1~20.04.1) 9.4.0
Copyright (C) 2019 Free Software Foundation, Inc.
This is free software; see the source for copying conditions.  There is NO
warranty; not even for MERCHANTABILITY or FITNESS FOR A PARTICULAR PURPOSE.

configure:2902: $? = 0
configure:2891: gcc -v >&5
Using built-in specs.
COLLECT_GCC=gcc
COLLECT_LTO_WRAPPER=/usr/lib/gcc/x86_64-linux-gnu/9/lto-wrapper
OFFLOAD_TARGET_NAMES=nvptx-none:hsa
OFFLOAD_TARGET_DEFAULT=1
Target: x86_64-linux-gnu
Configured with: ../src/configure -v --with-pkgversion='Ubuntu 9.4.0-1ubuntu1~20.04.1' --with-bugurl=file:///usr/share/doc/gcc-9/README.Bugs --enable-languages=c,ada,c++,go,brig,d,fortran,objc,obj-c++,gm2 --prefix=/usr --with-gcc-major-version-only --program-suffix=-9 --program-prefix=x86_64-linux-gnu- --enable-shared --enable-linker-build-id --libexecdir=/usr/lib --without-included-gettext --enable-threads=posix --libdir=/usr/lib --enable-nls --enable-clocale=gnu --enable-libstdcxx-debug --enable-libstdcxx-time=yes --with-default-libstdcxx-abi=new --enable-gnu-unique-object --disable-vtable-verify --enable-plugin --enable-default-pie --with-system-zlib --with-target-system-zlib=auto --enable-objc-gc=auto --enable-multiarch --disable-werror --with-arch-32=i686 --with-abi=m64 --with-multilib-list=m32,m64,mx32 --enable-multilib --with-tune=generic --enable-offload-targets=nvptx-none=/build/gcc-9-Av3uEd/gcc-9-9.4.0/debian/tmp-nvptx/usr,hsa --without-cuda-driver --enable-checking=release --build=x86_64-linux-gnu --host=x86_64-linux-gnu --target=x86_64-linux-gnu
Thread model: posix
gcc version 9.4.0 (Ubuntu 9.4.0-1ubuntu1~20.04.1) 
configure:2902: $? = 0
configure:2891: gcc -V >&5
gcc: error: unrecognized command line option '-V'
gcc: fatal error: no input files
compilation terminated.
configure:2902: $? = 1
configure:2891: gcc -qversion >&5
gcc: error: unrecognized command line option '-qversion'; did you mean '--version'?
gcc: fatal error: no input files
compilation terminated.
configure:2902: $? = 1
configure:2891: gcc -version >&5
gcc: error: unrecognized command line option '-version'
gcc: fatal error: no input files
compilation terminated.
configure:2902: $? = 1
configure:2922: checking whether the C compiler works
configure:2944: gcc    conftest.c  >&5
configure:2948: $? = 0
configure:2998: result: yes
configure:3001: checking for C compiler default output file name
configure:3003: result: a.out
configure:3009: checking for suffix of executables
configure:3016: gcc -o conftest    conftest.c  >&5
configure:3020: $? = 0
configure:3043: result: 
configure:3065: checking whether we are cross compiling
configure:3073: gcc -o conftest    conftest.c  >&5
configure:3077: $? = 0
configure:3084: ./conftest
configure:3088: $? = 0
configure:3076: result: no
configure:3081: checking for suffix of object files
configure:3104: gcc -c   conftest.c >&5
configure:3108: $? = 0
configure:3130: result: o
configure:3134: checking whether the compiler supports GNU C
configure:3154: gcc -c   conftest.c >&5
configure:3154: $? = 0
configure:3164: result: yes
configure:3175: checking whether gcc accepts -g
configure:3196: gcc -c -g  conftest.c >&5
configure:3196: $? = 0
configure:3240: result: yes
configure:3260: checking for gcc option to enable C11 features
configure:3275: gcc  -c -g -O2  conftest.c >&5
configure:3275: $? = 0
configure:3293: result: none needed
configure:3451: checking for ranlib
configure:3472: found /usr/bin/ranlib
configure:3483: result: ranlib
configure:3553: checking for strip
configure:3574: found /usr/bin/strip
configure:3585: result: strip
configure:3613: checking C flags dependant on host system type
configure:3830: result: ok
configure:3931: checking for JDK os include directory
configure:3969: result: gcc flags added
configure:3984: checking for stdio.h
configure:3984: gcc -c -g -O2 -DOS_LINUX -DDSO_DLFCN -DCPU=\"amd64\" -Wall -Wstrict-prototypes  conftest.c >&5
<command-line>: warning: missing terminating " character
configure:3984: $? = 0
configure:3984: result: yes
configure:3984: checking for stdlib.h
configure:3984: gcc -c -g -O2 -DOS_LINUX -DDSO_DLFCN -DCPU=\"amd64\" -Wall -Wstrict-prototypes  conftest.c >&5
<command-line>: warning: missing terminating " character
configure:3984: $? = 0
configure:3984: result: yes
configure:3984: checking for string.h
configure:3984: gcc -c -g -O2 -DOS_LINUX -DDSO_DLFCN -DCPU=\"amd64\" -Wall -Wstrict-prototypes  conftest.c >&5
<command-line>: warning: missing terminating " character
configure:3984: $? = 0
configure:3984: result: yes
configure:3984: checking for inttypes.h
configure:3984: gcc -c -g -O2 -DOS_LINUX -DDSO_DLFCN -DCPU=\"amd64\" -Wall -Wstrict-prototypes  conftest.c >&5
<command-line>: warning: missing terminating " character
configure:3984: $? = 0
configure:3984: result: yes
configure:3984: checking for stdint.h
configure:3984: gcc -c -g -O2 -DOS_LINUX -DDSO_DLFCN -DCPU=\"amd64\" -Wall -Wstrict-prototypes  conftest.c >&5
<command-line>: warning: missing terminating " character
configure:3984: $? = 0
configure:3984: result: yes
configure:3984: checking for strings.h
configure:3984: gcc -c -g -O2 -DOS_LINUX -DDSO_DLFCN -DCPU=\"amd64\" -Wall -Wstrict-prototypes  conftest.c >&5
<command-line>: warning: missing terminating " character
configure:3984: $? = 0
configure:3984: result: yes
configure:3984: checking for sys/stat.h
configure:3984: gcc -c -g -O2 -DOS_LINUX -DDSO_DLFCN -DCPU=\"amd64\" -Wall -Wstrict-prototypes  conftest.c >&5
<command-line>: warning: missing terminating " character
configure:3984: $? = 0
configure:3984: result: yes
configure:3984: checking for sys/types.h
configure:3984: gcc -c -g -O2 -DOS_LINUX -DDSO_DLFCN -DCPU=\"amd64\" -Wall -Wstrict-prototypes  conftest.c >&5
<command-line>: warning: missing terminating " character
configure:3984: $? = 0
configure:3984: result: yes
configure:3984: checking for unistd.h
configure:3984: gcc -c -g -O2 -DOS_LINUX -DDSO_DLFCN -DCPU=\"amd64\" -Wall -Wstrict-prototypes  conftest.c >&5
<command-line>: warning: missing terminating " character
configure:3984: $? = 0
configure:3984: result: yes
configure:4009: checking for sys/capability.h
configure:4009: gcc -c -g -O2 -DOS_LINUX -DDSO_DLFCN -DCPU=\"amd64\" -Wall -Wstrict-prototypes  conftest.c >&5
<command-line>: warning: missing terminating " character
conftest.c:47:10: fatal error: sys/capability.h: No such file or directory
   47 | #include <sys/capability.h>
      |          ^~~~~~~~~~~~~~~~~~
compilation terminated.
configure:4009: $? = 1
configure: failed program was:
| /* confdefs.h */
| #define PACKAGE_NAME ""
| #define PACKAGE_TARNAME ""
| #define PACKAGE_VERSION ""
| #define PACKAGE_STRING ""
| #define PACKAGE_BUGREPORT ""
| #define PACKAGE_URL ""
| #define HAVE_STDIO_H 1
| #define HAVE_STDLIB_H 1
| #define HAVE_STRING_H 1
| #define HAVE_INTTYPES_H 1
| #define HAVE_STDINT_H 1
| #define HAVE_STRINGS_H 1
| #define HAVE_SYS_STAT_H 1
| #define HAVE_SYS_TYPES_H 1
| #define HAVE_UNISTD_H 1
| #define STDC_HEADERS 1
| /* end confdefs.h.  */
| #include <stddef.h>
| #ifdef HAVE_STDIO_H
| # include <stdio.h>
| #endif
| #ifdef HAVE_STDLIB_H
| # include <stdlib.h>
| #endif
| #ifdef HAVE_STRING_H
| # include <string.h>
| #endif
| #ifdef HAVE_INTTYPES_H
| # include <inttypes.h>
| #endif
| #ifdef HAVE_STDINT_H
| # include <stdint.h>
| #endif
| #ifdef HAVE_STRINGS_H
| # include <strings.h>
| #endif
| #ifdef HAVE_SYS_TYPES_H
| # include <sys/types.h>
| #endif
| #ifdef HAVE_SYS_STAT_H
| # include <sys/stat.h>
| #endif
| #ifdef HAVE_UNISTD_H
| # include <unistd.h>
| #endif
| #include <sys/capability.h>
configure:4009: result: no
configure:4014: WARNING: cannot find headers for libcap
configure:4176: creating ./config.status

## ---------------------- ##
## Running config.status. ##
## ---------------------- ##

This file was extended by config.status, which was
generated by GNU Autoconf 2.71.  Invocation command line was

  CONFIG_FILES    = 
  CONFIG_HEADERS  = 
  CONFIG_LINKS    = 
  CONFIG_COMMANDS = 
  $ ./config.status 

on PRANOY-KUNDU

config.status:725: creating Makefile
config.status:725: creating Makedefs
config.status:725: creating native/Makefile
configure:5183: result: Now you can issue "make"

## ---------------- ##
## Cache variables. ##
## ---------------- ##

ac_cv_build=x86_64-pc-linux-gnu
ac_cv_c_compiler_gnu=yes
ac_cv_env_CC_set=
ac_cv_env_CC_value=
ac_cv_env_CFLAGS_set=
ac_cv_env_CFLAGS_value=
ac_cv_env_CPPFLAGS_set=
ac_cv_env_CPPFLAGS_value=
ac_cv_env_LDFLAGS_set=
ac_cv_env_LDFLAGS_value=
ac_cv_env_LIBS_set=
ac_cv_env_LIBS_value=
ac_cv_env_build_alias_set=
ac_cv_env_build_alias_value=
ac_cv_env_host_alias_set=
ac_cv_env_host_alias_value=
ac_cv_env_target_alias_set=
ac_cv_env_target_alias_value=
ac_cv_header_inttypes_h=yes
ac_cv_header_stdint_h=yes
ac_cv_header_stdio_h=yes
ac_cv_header_stdlib_h=yes
ac_cv_header_string_h=yes
ac_cv_header_strings_h=yes
ac_cv_header_sys_capability_h=no
ac_cv_header_sys_stat_h=yes
ac_cv_header_sys_types_h=yes
ac_cv_header_unistd_h=yes
ac_cv_host=x86_64-pc-linux-gnu
ac_cv_host_system_type=x86_64-pc-linux-gnu
ac_cv_objext=o
ac_cv_prog_ac_ct_CC=gcc
ac_cv_prog_ac_ct_RANLIB=ranlib
ac_cv_prog_ac_ct_STRIP=strip
ac_cv_prog_cc_c11=
ac_cv_prog_cc_g=yes
ac_cv_prog_cc_stdc=

## ----------------- ##
## Output variables. ##
## ----------------- ##

CC='gcc'
CFLAGS='-g -O2 -DOS_LINUX -DDSO_DLFCN -DCPU=\"amd64\" -Wall -Wstrict-prototypes'
CPPFLAGS=''
DEFS='-DPACKAGE_NAME=\"\" -DPACKAGE_TARNAME=\"\" -DPACKAGE_VERSION=\"\" -DPACKAGE_STRING=\"\" -DPACKAGE_BUGREPORT=\"\" -DPACKAGE_URL=\"\" -DHAVE_STDIO_H=1 -DHAVE_STDLIB_H=1 -DHAVE_STRING_H=1 -DHAVE_INTTYPES_H=1 -DHAVE_STDINT_H=1 -DHAVE_STRINGS_H=1 -DHAVE_SYS_STAT_H=1 -DHAVE_SYS_TYPES_H=1 -DHAVE_UNISTD_H=1 -DSTDC_HEADERS=1'
ECHO_C=''
ECHO_N='-n'
ECHO_T=''
EXEEXT=''
INCLUDES=' -I/usr/lib/jvm/java-1.11.0-openjdk-amd64/include -I/usr/lib/jvm/java-1.11.0-openjdk-amd64/include/linux'
JAVA_HOME='/usr/lib/jvm/java-1.11.0-openjdk-amd64'
LDCMD='gcc'
LDFLAGS=''
LIBOBJS=''
LIBS=' -ldl -lpthread'
LTLIBOBJS=''
OBJEXT='o'
PACKAGE_BUGREPORT=''
PACKAGE_NAME=''
PACKAGE_STRING=''
PACKAGE_TARNAME=''
PACKAGE_URL=''
PACKAGE_VERSION=''
PATH_SEPARATOR=':'
RANLIB='ranlib'
SHELL='/bin/bash'
STRIP='@: '
ac_ct_CC='gcc'
bindir='${exec_prefix}/bin'
build='x86_64-pc-linux-gnu'
build_alias=''
build_cpu='x86_64'
build_os='linux-gnu'
build_vendor='pc'
datadir='${datarootdir}'
datarootdir='${prefix}/share'
docdir='${datarootdir}/doc/${PACKAGE}'
dvidir='${docdir}'
exec_prefix='${prefix}'
host='x86_64-pc-linux-gnu'
host_alias=''
host_cpu='x86_64'
host_os='linux-gnu'
host_vendor='pc'
htmldir='${docdir}'
includedir='${prefix}/include'
infodir='${datarootdir}/info'
libdir='${exec_prefix}/lib'
libexecdir='${exec_prefix}/libexec'
localedir='${datarootdir}/locale'
localstatedir='${prefix}/var'
mandir='${datarootdir}/man'
oldincludedir='/usr/include'
pdfdir='${docdir}'
prefix='/usr/local'
program_transform_name='s,x,x,'
psdir='${docdir}'
runstatedir='${localstatedir}/run'
sbindir='${exec_prefix}/sbin'
sharedstatedir='${prefix}/com'
sysconfdir='${prefix}/etc'
target_alias=''

## ----------- ##
## confdefs.h. ##
## ----------- ##

/* confdefs.h */
#define PACKAGE_NAME ""
#define PACKAGE_TARNAME ""
#define PACKAGE_VERSION ""
#define PACKAGE_STRING ""
#define PACKAGE_BUGREPORT ""
#define PACKAGE_URL ""
#define HAVE_STDIO_H 1
#define HAVE_STDLIB_H 1
#define HAVE_STRING_H 1
#define HAVE_INTTYPES_H 1
#define HAVE_STDINT_H 1
#define HAVE_STRINGS_H 1
#define HAVE_SYS_STAT_H 1
#define HAVE_SYS_TYPES_H 1
#define HAVE_UNISTD_H 1
#define STDC_HEADERS 1

configure: exit 0
